Performing C++ SOURCE FILE Test CMAKE_HAVE_LIBC_PTHREAD failed with the following output:
Change Dir: /home/leecw/Reps/Libtorch-Study/build/CMakeFiles/CMakeTmp

Run Build Command(s):/usr/bin/make cmTC_fe388/fast && /usr/bin/make  -f CMakeFiles/cmTC_fe388.dir/build.make CMakeFiles/cmTC_fe388.dir/build
make[1]: Entering directory '/home/leecw/Reps/Libtorch-Study/build/CMakeFiles/CMakeTmp'
Building CXX object CMakeFiles/cmTC_fe388.dir/src.cxx.o
/usr/bin/g++-7   -DCMAKE_HAVE_LIBC_PTHREAD -o CMakeFiles/cmTC_fe388.dir/src.cxx.o -c /home/leecw/Reps/Libtorch-Study/build/CMakeFiles/CMakeTmp/src.cxx
Linking CXX executable cmTC_fe388
/usr/local/bin/cmake -E cmake_link_script CMakeFiles/cmTC_fe388.dir/link.txt --verbose=1
/usr/bin/g++-7  -DCMAKE_HAVE_LIBC_PTHREAD CMakeFiles/cmTC_fe388.dir/src.cxx.o -o cmTC_fe388 
CMakeFiles/cmTC_fe388.dir/src.cxx.o: In function `main':
src.cxx:(.text+0x3c): undefined reference to `pthread_create'
src.cxx:(.text+0x48): undefined reference to `pthread_detach'
src.cxx:(.text+0x54): undefined reference to `pthread_cancel'
src.cxx:(.text+0x65): undefined reference to `pthread_join'
src.cxx:(.text+0x79): undefined reference to `pthread_atfork'
collect2: error: ld returned 1 exit status
CMakeFiles/cmTC_fe388.dir/build.make:105: recipe for target 'cmTC_fe388' failed
make[1]: *** [cmTC_fe388] Error 1
make[1]: Leaving directory '/home/leecw/Reps/Libtorch-Study/build/CMakeFiles/CMakeTmp'
Makefile:140: recipe for target 'cmTC_fe388/fast' failed
make: *** [cmTC_fe388/fast] Error 2


Source file was:
#include <pthread.h>

void* test_func(void* data)
{
  return data;
}

int main(void)
{
  pthread_t thread;
  pthread_create(&thread, NULL, test_func, NULL);
  pthread_detach(thread);
  pthread_cancel(thread);
  pthread_join(thread, NULL);
  pthread_atfork(NULL, NULL, NULL);
  pthread_exit(NULL);

  return 0;
}

Determining if the function pthread_create exists in the pthreads failed with the following output:
Change Dir: /home/leecw/Reps/Libtorch-Study/build/CMakeFiles/CMakeTmp

Run Build Command(s):/usr/bin/make cmTC_fab2c/fast && /usr/bin/make  -f CMakeFiles/cmTC_fab2c.dir/build.make CMakeFiles/cmTC_fab2c.dir/build
make[1]: Entering directory '/home/leecw/Reps/Libtorch-Study/build/CMakeFiles/CMakeTmp'
Building CXX object CMakeFiles/cmTC_fab2c.dir/CheckFunctionExists.cxx.o
/usr/bin/g++-7   -DCHECK_FUNCTION_EXISTS=pthread_create -o CMakeFiles/cmTC_fab2c.dir/CheckFunctionExists.cxx.o -c /home/leecw/Reps/Libtorch-Study/build/CMakeFiles/CheckLibraryExists/CheckFunctionExists.cxx
Linking CXX executable cmTC_fab2c
/usr/local/bin/cmake -E cmake_link_script CMakeFiles/cmTC_fab2c.dir/link.txt --verbose=1
/usr/bin/g++-7  -DCHECK_FUNCTION_EXISTS=pthread_create CMakeFiles/cmTC_fab2c.dir/CheckFunctionExists.cxx.o -o cmTC_fab2c  -lpthreads 
/usr/bin/ld: cannot find -lpthreads
collect2: error: ld returned 1 exit status
CMakeFiles/cmTC_fab2c.dir/build.make:105: recipe for target 'cmTC_fab2c' failed
make[1]: *** [cmTC_fab2c] Error 1
make[1]: Leaving directory '/home/leecw/Reps/Libtorch-Study/build/CMakeFiles/CMakeTmp'
Makefile:140: recipe for target 'cmTC_fab2c/fast' failed
make: *** [cmTC_fab2c/fast] Error 2



